Determining if the pthread_create exist failed with the following output:
Change Dir: /home/ronnyz/Documents/ROS/ROS-demo/demo01_ws/build/CMakeFiles/CMakeTmp

Run Build Command:"/usr/bin/make" "cmTC_2d68d/fast"
/usr/bin/make -f CMakeFiles/cmTC_2d68d.dir/build.make CMakeFiles/cmTC_2d68d.dir/build
make[1]: Entering directory '/home/ronnyz/Documents/ROS/ROS-demo/demo01_ws/build/CMakeFiles/CMakeTmp'
Building C object CMakeFiles/cmTC_2d68d.dir/CheckSymbolExists.c.o
/usr/bin/cc    -o CMakeFiles/cmTC_2d68d.dir/CheckSymbolExists.c.o   -c /home/ronnyz/Documents/ROS/ROS-demo/demo01_ws/build/CMakeFiles/CMakeTmp/CheckSymbolExists.c
Linking C executable cmTC_2d68d
/usr/bin/cmake -E cmake_link_script CMakeFiles/cmTC_2d68d.dir/link.txt --verbose=1
/usr/bin/cc      -rdynamic CMakeFiles/cmTC_2d68d.dir/CheckSymbolExists.c.o  -o cmTC_2d68d 
CMakeFiles/cmTC_2d68d.dir/CheckSymbolExists.c.o: In function `main':
CheckSymbolExists.c:(.text+0x1b): undefined reference to `pthread_create'
collect2: error: ld returned 1 exit status
CMakeFiles/cmTC_2d68d.dir/build.make:97: recipe for target 'cmTC_2d68d' failed
make[1]: *** [cmTC_2d68d] Error 1
make[1]: Leaving directory '/home/ronnyz/Documents/ROS/ROS-demo/demo01_ws/build/CMakeFiles/CMakeTmp'
Makefile:126: recipe for target 'cmTC_2d68d/fast' failed
make: *** [cmTC_2d68d/fast] Error 2

File /home/ronnyz/Documents/ROS/ROS-demo/demo01_ws/build/CMakeFiles/CMakeTmp/CheckSymbolExists.c:
/* */
#include <pthread.h>

int main(int argc, char** argv)
{
  (void)argv;
#ifndef pthread_create
  return ((int*)(&pthread_create))[argc];
#else
  (void)argc;
  return 0;
#endif
}

Determining if the function pthread_create exists in the pthreads failed with the following output:
Change Dir: /home/ronnyz/Documents/ROS/ROS-demo/demo01_ws/build/CMakeFiles/CMakeTmp

Run Build Command:"/usr/bin/make" "cmTC_65a45/fast"
/usr/bin/make -f CMakeFiles/cmTC_65a45.dir/build.make CMakeFiles/cmTC_65a45.dir/build
make[1]: Entering directory '/home/ronnyz/Documents/ROS/ROS-demo/demo01_ws/build/CMakeFiles/CMakeTmp'
Building C object CMakeFiles/cmTC_65a45.dir/CheckFunctionExists.c.o
/usr/bin/cc   -DCHECK_FUNCTION_EXISTS=pthread_create   -o CMakeFiles/cmTC_65a45.dir/CheckFunctionExists.c.o   -c /usr/share/cmake-3.10/Modules/CheckFunctionExists.c
Linking C executable cmTC_65a45
/usr/bin/cmake -E cmake_link_script CMakeFiles/cmTC_65a45.dir/link.txt --verbose=1
/usr/bin/cc  -DCHECK_FUNCTION_EXISTS=pthread_create    -rdynamic CMakeFiles/cmTC_65a45.dir/CheckFunctionExists.c.o  -o cmTC_65a45 -lpthreads 
/usr/bin/ld: cannot find -lpthreads
collect2: error: ld returned 1 exit status
CMakeFiles/cmTC_65a45.dir/build.make:97: recipe for target 'cmTC_65a45' failed
make[1]: *** [cmTC_65a45] Error 1
make[1]: Leaving directory '/home/ronnyz/Documents/ROS/ROS-demo/demo01_ws/build/CMakeFiles/CMakeTmp'
Makefile:126: recipe for target 'cmTC_65a45/fast' failed
make: *** [cmTC_65a45/fast] Error 2


